<?xml version="1.0" encoding="UTF-8"?>
<testng-results skipped="0" failed="0" ignored="0" total="1" passed="1">
  <reporter-output>
  </reporter-output>
  <suite name="Suite" duration-ms="33640" started-at="2022-09-21T06:15:37Z" finished-at="2022-09-21T06:16:11Z">
    <groups>
    </groups>
    <test name="Test" duration-ms="33640" started-at="2022-09-21T06:15:37Z" finished-at="2022-09-21T06:16:11Z">
      <class name="org.testcases.DAshboardTestcase">
        <test-method status="PASS" signature="startup()[pri:0, instance:org.testcases.DAshboardTestcase@3f1134]" name="startup" is-config="true" duration-ms="10403" started-at="2022-09-21T06:15:37Z" finished-at="2022-09-21T06:15:47Z">
          <reporter-output>
          </reporter-output>
        </test-method> <!-- startup -->
        <test-method status="PASS" signature="dashEx()[pri:0, instance:org.testcases.DAshboardTestcase@3f1134]" name="dashEx" duration-ms="22124" started-at="2022-09-21T06:15:47Z" finished-at="2022-09-21T06:16:09Z">
          <reporter-output>
          </reporter-output>
        </test-method> <!-- dashEx -->
        <test-method status="PASS" signature="teardown()[pri:0, instance:org.testcases.DAshboardTestcase@3f1134]" name="teardown" is-config="true" duration-ms="1063" started-at="2022-09-21T06:16:10Z" finished-at="2022-09-21T06:16:11Z">
          <reporter-output>
          </reporter-output>
        </test-method> <!-- teardown -->
      </class> <!-- org.testcases.DAshboardTestcase -->
    </test> <!-- Test -->
  </suite> <!-- Suite -->
</testng-results>
